\BOOKMARK [0][-]{section*.1}{Resumen}{}% 1
\BOOKMARK [0][-]{chapter.1}{Introducci\363n general}{}% 2
\BOOKMARK [1][-]{section.1.1}{Contexto de la problem\341tica}{chapter.1}% 3
\BOOKMARK [1][-]{section.1.2}{Motivaci\363n}{chapter.1}% 4
\BOOKMARK [1][-]{section.1.3}{Estado del arte}{chapter.1}% 5
\BOOKMARK [1][-]{section.1.4}{Objetivos y alcance}{chapter.1}% 6
\BOOKMARK [0][-]{chapter.2}{Introducci\363n espec\355fica}{}% 7
\BOOKMARK [1][-]{section.2.1}{Definici\363n de intruso}{chapter.2}% 8
\BOOKMARK [1][-]{section.2.2}{Modelo utilizado}{chapter.2}% 9
\BOOKMARK [1][-]{section.2.3}{Protocolos de v\355deo y transmisi\363n}{chapter.2}% 10
\BOOKMARK [1][-]{section.2.4}{Software y hardware utilizados}{chapter.2}% 11
\BOOKMARK [0][-]{chapter.3}{Dise\361o e implementaci\363n}{}% 12
\BOOKMARK [1][-]{section.3.1}{Consideraciones generales}{chapter.3}% 13
\BOOKMARK [1][-]{section.3.2}{Arquitectura del m\363dulo}{chapter.3}% 14
\BOOKMARK [1][-]{section.3.3}{Esquema detallado del m\363dulo en el interior del sistema}{chapter.3}% 15
\BOOKMARK [1][-]{section.3.4}{Esquema detallado de las modificaciones hechas al modelo}{chapter.3}% 16
\BOOKMARK [1][-]{section.3.5}{Ajustes para cumplir con el rendimiento requerido}{chapter.3}% 17
\BOOKMARK [1][-]{section.3.6}{Entrega de resultados obtenidos al resto del software y retransmisi\363n del v\355deo procesado}{chapter.3}% 18
\BOOKMARK [0][-]{chapter.4}{Ensayos y resultados}{}% 19
\BOOKMARK [1][-]{section.4.1}{Descripci\363n del proceso de pruebas}{chapter.4}% 20
\BOOKMARK [1][-]{section.4.2}{Pruebas en Raspberry Pi}{chapter.4}% 21
\BOOKMARK [1][-]{section.4.3}{Caso de Uso}{chapter.4}% 22
\BOOKMARK [0][-]{chapter.5}{Conclusiones}{}% 23
\BOOKMARK [1][-]{section.5.1}{Resultados Obtenidos}{chapter.5}% 24
\BOOKMARK [1][-]{section.5.2}{Tiempos de ejecuci\363n}{chapter.5}% 25
\BOOKMARK [1][-]{section.5.3}{Trabajos futuros}{chapter.5}% 26
\BOOKMARK [0][-]{appendix.Alph1}{Tablas extendidas}{}% 27
\BOOKMARK [0][-]{appendix*.17}{Bibliograf\355a}{}% 28
